<?xml version="1.0" encoding="UTF-8" ?>
<testsuite errors="0" failures="0" hostname="giewont" name="json.Test" tests="4" time="0.108" timestamp="2011-09-22T19:44:16">
  <properties>
[...]
</properties>
  <testcase classname="json.Test" name="testXML" time="0.004" />
  <testcase classname="json.Test" name="testNull" time="0.0" />
  <testcase classname="json.Test" name="testJSON" time="0.071" />
  <testcase classname="json.Test" name="testExceptions" time="0.001" />
  <system-out><![CDATA[]]></system-out>
  <system-err><![CDATA[]]></system-err>
</testsuite>
